<?xml version="1.0" encoding="UTF-8"?>
<!-- Generated by org.testng.reporters.JUnitReportReporter -->
<testsuite hostname="LTIN315324" failures="0" tests="1" name="Page_object_model_FW.POM_Runner" time="14.576" errors="0" timestamp="2024-12-08T19:38:56 IST" skipped="0">
  <testcase classname="Page_object_model_FW.POM_Runner" name="main" time="14.576"/>
</testsuite> <!-- Page_object_model_FW.POM_Runner -->
