<?xml version="1.0" encoding="UTF-8"?>
<!-- Generated by org.testng.reporters.JUnitReportReporter -->
<testsuite hostname="LTIN315324" failures="0" tests="1" name="Page_object_model_FW.POM_Type_02" time="8.492" errors="0" timestamp="2024-12-08T19:41:53 IST" skipped="0">
  <testcase classname="Page_object_model_FW.POM_Type_02" name="main" time="8.492"/>
</testsuite> <!-- Page_object_model_FW.POM_Type_02 -->
