<?xml version="1.0" encoding="UTF-8"?>
<!-- Generated by org.testng.reporters.JUnitReportReporter -->
<testsuite hostname="LTIN315324" failures="0" tests="6" name="datadriven_FW.datadriven_dataprovider" time="9.359" errors="0" timestamp="2025-02-26T12:27:06 IST" skipped="0">
  <testcase classname="datadriven_FW.datadriven_dataprovider" name="loginto123" time="1.548"/>
  <testcase classname="datadriven_FW.datadriven_dataprovider" name="loginto123" time="1.732"/>
  <testcase classname="datadriven_FW.datadriven_dataprovider" name="loginto123" time="1.007"/>
  <testcase classname="datadriven_FW.datadriven_dataprovider" name="loginto123" time="2.023"/>
  <testcase classname="datadriven_FW.datadriven_dataprovider" name="loginto123" time="0.935"/>
  <testcase classname="datadriven_FW.datadriven_dataprovider" name="loginto123" time="2.114"/>
</testsuite> <!-- datadriven_FW.datadriven_dataprovider -->
