<?xml version="1.0" encoding="UTF-8"?>
<!-- Generated by org.testng.reporters.JUnitReportReporter -->
<testsuite hostname="LTIN315324" failures="0" tests="6" name="datadriven_FW.DDFM_2" time="9.415" errors="0" timestamp="2025-02-26T13:46:52 IST" skipped="0">
  <testcase classname="datadriven_FW.DDFM_2" name="loginpage" time="0.325"/>
  <testcase classname="datadriven_FW.DDFM_2" name="loginpage" time="1.660"/>
  <testcase classname="datadriven_FW.DDFM_2" name="loginpage" time="2.518"/>
  <testcase classname="datadriven_FW.DDFM_2" name="loginpage" time="1.754"/>
  <testcase classname="datadriven_FW.DDFM_2" name="loginpage" time="1.599"/>
  <testcase classname="datadriven_FW.DDFM_2" name="loginpage" time="1.559"/>
</testsuite> <!-- datadriven_FW.DDFM_2 -->
