<?xml version="1.0" encoding="UTF-8"?>
<!-- Generated by org.testng.reporters.JUnitReportReporter -->
<testsuite hostname="LTIN315324" failures="0" tests="6" name="dempproject_pack.datadriven_dataprovider" time="7.007" errors="0" timestamp="2024-12-03T11:31:05 IST" skipped="0">
  <testcase classname="dempproject_pack.datadriven_dataprovider" name="loginto123" time="1.374"/>
  <testcase classname="dempproject_pack.datadriven_dataprovider" name="loginto123" time="1.353"/>
  <testcase classname="dempproject_pack.datadriven_dataprovider" name="loginto123" time="1.310"/>
  <testcase classname="dempproject_pack.datadriven_dataprovider" name="loginto123" time="0.675"/>
  <testcase classname="dempproject_pack.datadriven_dataprovider" name="loginto123" time="0.655"/>
  <testcase classname="dempproject_pack.datadriven_dataprovider" name="loginto123" time="1.640"/>
</testsuite> <!-- dempproject_pack.datadriven_dataprovider -->
