<?xml version="1.0" encoding="UTF-8"?>
<!-- Generated by org.testng.reporters.JUnitReportReporter -->
<testsuite hostname="LTIN315324" failures="0" tests="1" name="Testing_Map.multi_output" time="0.002" errors="0" timestamp="2 Apr 2025 13:27:28 GMT">
  <testcase classname="Testing_Map.multi_output" name="continues" time="0.002"/>
</testsuite> <!-- Testing_Map.multi_output -->
