<?xml version="1.0" encoding="UTF-8"?>
<!-- Generated by org.testng.reporters.JUnitReportReporter -->
<testsuite hostname="LTIN315324" failures="0" tests="1" name="Dummy_practice.String_pper_lower_01" time="0.016" errors="0" timestamp="10 May 2025 04:01:36 GMT">
  <testcase classname="Dummy_practice.String_pper_lower_01" name="multi_primenum" time="0.016"/>
</testsuite> <!-- Dummy_practice.String_pper_lower_01 -->
