<?xml version="1.0" encoding="UTF-8"?>
<!-- Generated by org.testng.reporters.JUnitReportReporter -->
<testsuite hostname="LTIN315324" failures="0" tests="4" name="TestNG.Grouping_TestNG_04" time="0.014" errors="0" timestamp="18 Feb 2025 03:48:07 GMT">
  <testcase classname="TestNG.Grouping_TestNG_04" name="fourthcase" time="0.001"/>
  <testcase classname="TestNG.Grouping_TestNG_04" name="thirdcase" time="0.001"/>
  <testcase classname="TestNG.Grouping_TestNG_04" name="secondcase" time="0.001"/>
  <testcase classname="TestNG.Grouping_TestNG_04" name="firstcase" time="0.011"/>
</testsuite> <!-- TestNG.Grouping_TestNG_04 -->
