<?xml version="1.0" encoding="UTF-8"?>
<!-- Generated by org.testng.reporters.JUnitReportReporter -->
<testsuite hostname="LTIN315324" failures="0" tests="5" name="TestNG.Despendson_TestNG_02" time="0.018" errors="0" timestamp="19 Feb 2025 03:56:36 GMT">
  <testcase classname="TestNG.Despendson_TestNG_02" name="calc" time="0.013"/>
  <testcase classname="TestNG.Despendson_TestNG_02" name="firstcase" time="0.002"/>
  <testcase classname="TestNG.Despendson_TestNG_02" name="fourthcase" time="0.001"/>
  <testcase classname="TestNG.Despendson_TestNG_02" name="thirdcase" time="0.001"/>
  <testcase classname="TestNG.Despendson_TestNG_02" name="secondcase" time="0.001"/>
</testsuite> <!-- TestNG.Despendson_TestNG_02 -->
