<?xml version="1.0" encoding="UTF-8"?>
<!-- Generated by org.testng.reporters.JUnitReportReporter -->
<testsuite hostname="LTIN315324" failures="0" tests="1" name="Testing_Map.String_Removal_Position_finder" time="0.015" errors="0" timestamp="4 Apr 2025 13:41:03 GMT">
  <testcase classname="Testing_Map.String_Removal_Position_finder" name="positioninstring" time="0.015"/>
</testsuite> <!-- Testing_Map.String_Removal_Position_finder -->
