<?xml version="1.0" encoding="UTF-8"?>
<!-- Generated by org.testng.reporters.JUnitReportReporter -->
<testsuite hostname="LTIN315324" failures="0" tests="2" name="TestNG.Assertion_TestNG_06" time="0.013" errors="0" timestamp="22 Mar 2025 10:02:59 GMT">
  <testcase classname="TestNG.Assertion_TestNG_06" name="AssertionBoolean" time="0.001"/>
  <testcase classname="TestNG.Assertion_TestNG_06" name="Assertion" time="0.012"/>
</testsuite> <!-- TestNG.Assertion_TestNG_06 -->
