<?xml version="1.0" encoding="UTF-8"?>
<!-- Generated by org.testng.reporters.JUnitReportReporter -->
<testsuite hostname="LTIN315324" failures="0" tests="4" name="TestNG.Sample_TestNG_01" time="0.018" errors="0" timestamp="18 Feb 2025 04:37:48 GMT">
  <testcase classname="TestNG.Sample_TestNG_01" name="secondcase" time="0.001"/>
  <testcase classname="TestNG.Sample_TestNG_01" name="firstcase" time="0.014"/>
  <testcase classname="TestNG.Sample_TestNG_01" name="thirdcase" time="0.001"/>
  <testcase classname="TestNG.Sample_TestNG_01" name="fourthcase" time="0.002"/>
</testsuite> <!-- TestNG.Sample_TestNG_01 -->
