<?xml version="1.0" encoding="UTF-8"?>
<!-- Generated by org.testng.reporters.JUnitReportReporter -->
<testsuite hostname="LTIN315324" failures="0" tests="5" name="Java.Upper_Lower_Count" time="0.023" errors="0" timestamp="22 Mar 2025 07:43:08 GMT">
  <testcase classname="Java.Upper_Lower_Count" name="count" time="0.002"/>
  <testcase classname="Java.Upper_Lower_Count" name="spliting" time="0.001"/>
  <testcase classname="Java.Upper_Lower_Count" name="max_min" time="0.002"/>
  <testcase classname="Java.Upper_Lower_Count" name="reverse" time="0.001"/>
  <testcase classname="Java.Upper_Lower_Count" name="SplitUpper_lower" time="0.017"/>
</testsuite> <!-- Java.Upper_Lower_Count -->
