<?xml version="1.0" encoding="UTF-8"?>
<!-- Generated by org.testng.reporters.JUnitReportReporter -->
<testsuite hostname="LTIN315324" failures="0" tests="1" name="TestNG.Listeners_TestNG_08" time="0.016" errors="0" timestamp="5 Nov 2024 14:36:20 GMT">
  <testcase classname="TestNG.Listeners_TestNG_08" name="onFinish" time="0.016"/>
</testsuite> <!-- TestNG.Listeners_TestNG_08 -->
