<?xml version="1.0" encoding="UTF-8"?>
<!-- Generated by org.testng.reporters.JUnitReportReporter -->
<testsuite hostname="LTIN315324" failures="0" tests="2" name="TestNG.Parameterization_TestNG_05" time="0.014" errors="0" timestamp="19 Feb 2025 04:53:23 GMT">
  <testcase classname="TestNG.Parameterization_TestNG_05" name="paraclass2" time="0.001"/>
  <testcase classname="TestNG.Parameterization_TestNG_05" name="paraclass" time="0.013"/>
</testsuite> <!-- TestNG.Parameterization_TestNG_05 -->
